<?xml version="1.0" encoding="UTF-8"?>
<!-- Generated by org.testng.reporters.JUnitReportReporter -->
<testsuite hostname="FTS-LAP-116" failures="0" tests="1" name="sample.Tests_GET" time="3.021" errors="0" timestamp="2021-03-17T19:56:15 IST" skipped="0">
  <testcase classname="sample.Tests_GET" name="test1" time="3.021"/>
  <system-out/>
</testsuite> <!-- sample.Tests_GET -->
