<?xml version="1.0" encoding="UTF-8"?>
<!-- Generated by org.testng.reporters.JUnitReportReporter -->
<testsuite hostname="FTS-LAP-116" failures="0" tests="1" name="sample.Test_POST" time="2.839" errors="0" timestamp="2021-03-17T19:54:48 IST" skipped="0">
  <testcase classname="sample.Test_POST" name="test_03_patch" time="2.839"/>
  <system-out/>
</testsuite> <!-- sample.Test_POST -->
