<?xml version="1.0" encoding="UTF-8"?>
<!-- Generated by org.testng.reporters.JUnitReportReporter -->
<testsuite hostname="FTS-LAP-116" failures="0" tests="1" name="sample.DataDrivenExamples" time="1.458" errors="0" timestamp="2021-03-16T22:26:39 IST" skipped="0">
  <testcase classname="sample.DataDrivenExamples" name="test_02_delete" time="1.458"/>
  <system-out/>
</testsuite> <!-- sample.DataDrivenExamples -->
