<?xml version="1.0" encoding="UTF-8"?>
<!-- Generated by org.testng.reporters.JUnitReportReporter -->
<testsuite hostname="FTS-LAP-116" failures="0" tests="1" name="sample.Test01_GET" time="3.542" errors="0" timestamp="2021-03-17T00:02:23 IST" skipped="0">
  <testcase classname="sample.Test01_GET" name="test_02" time="3.542"/>
  <system-out/>
</testsuite> <!-- sample.Test01_GET -->
